<?xml version="1.0" encoding="UTF-8"?>
<!-- Generated by org.testng.reporters.JUnitXMLReporter -->
<testsuite ignored="0" hostname="GeethaPC" failures="0" tests="3" name="Default test" time="13.522" errors="0" timestamp="2025-03-11T16:20:56 EDT">
  <testcase classname="com.webshop.tests.RegisterpageTest" name="testvalidationmessage" time="1.767"/>
  <testcase classname="com.webshop.tests.RegisterpageTest" name="testregisterlandingpage" time="0.536"/>
  <testcase classname="com.webshop.tests.RegisterpageTest" name="testregisterform" time="0.993"/>
</testsuite> <!-- Default test -->
