<?xml version="1.0" encoding="UTF-8"?>
<testng-results ignored="0" total="3" passed="3" failed="0" skipped="0">
  <reporter-output>
  </reporter-output>
  <suite started-at="2025-03-11T16:20:42 EDT" name="Default suite" finished-at="2025-03-11T16:20:56 EDT" duration-ms="13522">
    <groups>
    </groups>
    <test started-at="2025-03-11T16:20:42 EDT" name="Default test" finished-at="2025-03-11T16:20:56 EDT" duration-ms="13522">
      <class name="com.webshop.tests.RegisterpageTest">
        <test-method is-config="true" signature="setupreport()[pri:0, instance:com.webshop.tests.RegisterpageTest@40005471]" started-at="2025-03-11T16:20:42 EDT" name="setupreport" finished-at="2025-03-11T16:20:42 EDT" duration-ms="156" status="PASS">
          <reporter-output>
          </reporter-output>
        </test-method> <!-- setupreport -->
        <test-method is-config="true" signature="pretest()[pri:0, instance:com.webshop.tests.RegisterpageTest@40005471]" started-at="2025-03-11T16:20:42 EDT" name="pretest" finished-at="2025-03-11T16:20:46 EDT" duration-ms="3523" status="PASS">
          <reporter-output>
          </reporter-output>
        </test-method> <!-- pretest -->
        <test-method signature="testvalidationmessage()[pri:1, instance:com.webshop.tests.RegisterpageTest@40005471]" started-at="2025-03-11T16:20:46 EDT" name="testvalidationmessage" finished-at="2025-03-11T16:20:47 EDT" duration-ms="1767" status="PASS">
          <reporter-output>
          </reporter-output>
        </test-method> <!-- testvalidationmessage -->
        <test-method is-config="true" signature="teardown()[pri:0, instance:com.webshop.tests.RegisterpageTest@40005471]" started-at="2025-03-11T16:20:47 EDT" name="teardown" finished-at="2025-03-11T16:20:48 EDT" duration-ms="448" status="PASS">
          <reporter-output>
          </reporter-output>
        </test-method> <!-- teardown -->
        <test-method is-config="true" signature="pretest()[pri:0, instance:com.webshop.tests.RegisterpageTest@40005471]" started-at="2025-03-11T16:20:48 EDT" name="pretest" finished-at="2025-03-11T16:20:51 EDT" duration-ms="2804" status="PASS">
          <reporter-output>
          </reporter-output>
        </test-method> <!-- pretest -->
        <test-method signature="testregisterlandingpage()[pri:2, instance:com.webshop.tests.RegisterpageTest@40005471]" started-at="2025-03-11T16:20:51 EDT" name="testregisterlandingpage" finished-at="2025-03-11T16:20:51 EDT" duration-ms="536" status="PASS">
          <reporter-output>
          </reporter-output>
        </test-method> <!-- testregisterlandingpage -->
        <test-method is-config="true" signature="teardown()[pri:0, instance:com.webshop.tests.RegisterpageTest@40005471]" started-at="2025-03-11T16:20:51 EDT" name="teardown" finished-at="2025-03-11T16:20:51 EDT" duration-ms="236" status="PASS">
          <reporter-output>
          </reporter-output>
        </test-method> <!-- teardown -->
        <test-method is-config="true" signature="pretest()[pri:0, instance:com.webshop.tests.RegisterpageTest@40005471]" started-at="2025-03-11T16:20:51 EDT" name="pretest" finished-at="2025-03-11T16:20:54 EDT" duration-ms="2946" status="PASS">
          <reporter-output>
          </reporter-output>
        </test-method> <!-- pretest -->
        <test-method signature="testregisterform()[pri:3, instance:com.webshop.tests.RegisterpageTest@40005471]" started-at="2025-03-11T16:20:54 EDT" name="testregisterform" finished-at="2025-03-11T16:20:55 EDT" duration-ms="993" status="PASS">
          <reporter-output>
          </reporter-output>
        </test-method> <!-- testregisterform -->
        <test-method is-config="true" signature="teardown()[pri:0, instance:com.webshop.tests.RegisterpageTest@40005471]" started-at="2025-03-11T16:20:55 EDT" name="teardown" finished-at="2025-03-11T16:20:56 EDT" duration-ms="217" status="PASS">
          <reporter-output>
          </reporter-output>
        </test-method> <!-- teardown -->
      </class> <!-- com.webshop.tests.RegisterpageTest -->
    </test> <!-- Default test -->
  </suite> <!-- Default suite -->
</testng-results>
